<?xml version="1.0" encoding="utf-8"?><testsuites name="pytest tests"><testsuite name="pytest" errors="0" failures="9" skipped="0" tests="115" time="1.518" timestamp="2026-01-18T14:14:50.594264-08:00" hostname="DNa229b67.SUNet"><testcase classname="tests.test_bends.test_create_examples" name="test_kappa_one" time="0.004" /><testcase classname="tests.test_bends.test_create_examples" name="test_coords[coords0]" time="0.001" /><testcase classname="tests.test_bends.test_create_examples" name="test_coords[coords1]" time="0.001" /><testcase classname="tests.test_bends.test_create_examples" name="test_coords[coords2]" time="0.001" /><testcase classname="tests.test_bends.test_create_examples" name="test_coords[coords3]" time="0.001" /><testcase classname="tests.test_bends.test_create_examples" name="test_coords[coords4]" time="0.001" /><testcase classname="tests.test_bends.test_create_examples" name="test_coords[coords5]" time="0.001" /><testcase classname="tests.test_bends.test_examples.TestBendMoves" name="test_pi1" time="0.001"><failure message="ValueError: Level 'START' does not exist">self = &lt;test_examples.TestBendMoves object at 0x107c34190&gt;

    def test_pi1(self):
&gt;       study_move(BendExamples.pi.one, "pi1")

tests/test_bends/test_examples.py:43: 
_ _ _ _ _ _ _ _ _ _ _ _ _ _ _ _ _ _ _ _ _ _ _ _ _ _ _ _ _ _ _ _ _ _ _ _ _ _ _ _ _ _ _ _ _ _ _ _ _ _ _ _ _ _ _ _ _ _ _ _ _ _ _ _ _ _ _ _ _ _ _ _ _ _ _ _ _ _ _ _ _ _ _ _ _ _ _ _ _ _ _ _ _ _ _ _ _ _ _ _ _ _ _
tests/test_bends/test_examples.py:33: in study_move
    res = iterate_clean_domain(
src/polymap/bends/iterate2.py:61: in iterate_clean_domain
    logger.log("START", f"[blue italic]Starting to clean {domain_name}")
.venv/lib/python3.13/site-packages/loguru/_logger.py:2103: in log
    __self._log(__level, False, __self._options, __message, args, kwargs)
_ _ _ _ _ _ _ _ _ _ _ _ _ _ _ _ _ _ _ _ _ _ _ _ _ _ _ _ _ _ _ _ _ _ _ _ _ _ _ _ _ _ _ _ _ _ _ _ _ _ _ _ _ _ _ _ _ _ _ _ _ _ _ _ _ _ _ _ _ _ _ _ _ _ _ _ _ _ _ _ _ _ _ _ _ _ _ _ _ _ _ _ _ _ _ _ _ _ _ _ _ _ _

self = &lt;loguru.logger handlers=[(id=0, level=10, sink=&lt;_io.FileIO name=8 mode='rb+' closefd=True&gt;)]&gt;, level = 'START', from_decorator = False, options = (None, 0, False, False, False, False, ...)
message = '[blue italic]Starting to clean (0, pi1)', args = (), kwargs = {}

    def _log(self, level, from_decorator, options, message, args, kwargs):
        core = self._core
    
        if not core.handlers:
            return
    
        try:
            level_id, level_name, level_no, level_icon = core.levels_lookup[level]
        except (KeyError, TypeError):
            if isinstance(level, str):
&gt;               raise ValueError("Level '%s' does not exist" % level) from None
E               ValueError: Level 'START' does not exist

.venv/lib/python3.13/site-packages/loguru/_logger.py:1941: ValueError</failure></testcase><testcase classname="tests.test_bends.test_examples.TestBendMoves" name="test_pi2" time="0.000"><failure message="ValueError: Level 'START' does not exist">self = &lt;test_examples.TestBendMoves object at 0x107c34050&gt;

    def test_pi2(self):
&gt;       study_move(BendExamples.pi.two, "pi2")

tests/test_bends/test_examples.py:46: 
_ _ _ _ _ _ _ _ _ _ _ _ _ _ _ _ _ _ _ _ _ _ _ _ _ _ _ _ _ _ _ _ _ _ _ _ _ _ _ _ _ _ _ _ _ _ _ _ _ _ _ _ _ _ _ _ _ _ _ _ _ _ _ _ _ _ _ _ _ _ _ _ _ _ _ _ _ _ _ _ _ _ _ _ _ _ _ _ _ _ _ _ _ _ _ _ _ _ _ _ _ _ _
tests/test_bends/test_examples.py:33: in study_move
    res = iterate_clean_domain(
src/polymap/bends/iterate2.py:61: in iterate_clean_domain
    logger.log("START", f"[blue italic]Starting to clean {domain_name}")
.venv/lib/python3.13/site-packages/loguru/_logger.py:2103: in log
    __self._log(__level, False, __self._options, __message, args, kwargs)
_ _ _ _ _ _ _ _ _ _ _ _ _ _ _ _ _ _ _ _ _ _ _ _ _ _ _ _ _ _ _ _ _ _ _ _ _ _ _ _ _ _ _ _ _ _ _ _ _ _ _ _ _ _ _ _ _ _ _ _ _ _ _ _ _ _ _ _ _ _ _ _ _ _ _ _ _ _ _ _ _ _ _ _ _ _ _ _ _ _ _ _ _ _ _ _ _ _ _ _ _ _ _

self = &lt;loguru.logger handlers=[(id=0, level=10, sink=&lt;_io.FileIO name=8 mode='rb+' closefd=True&gt;)]&gt;, level = 'START', from_decorator = False, options = (None, 0, False, False, False, False, ...)
message = '[blue italic]Starting to clean (0, pi2)', args = (), kwargs = {}

    def _log(self, level, from_decorator, options, message, args, kwargs):
        core = self._core
    
        if not core.handlers:
            return
    
        try:
            level_id, level_name, level_no, level_icon = core.levels_lookup[level]
        except (KeyError, TypeError):
            if isinstance(level, str):
&gt;               raise ValueError("Level '%s' does not exist" % level) from None
E               ValueError: Level 'START' does not exist

.venv/lib/python3.13/site-packages/loguru/_logger.py:1941: ValueError</failure></testcase><testcase classname="tests.test_bends.test_examples.TestBendMoves" name="test_pi3" time="0.000"><failure message="ValueError: Level 'START' does not exist">self = &lt;test_examples.TestBendMoves object at 0x107c215b0&gt;

    def test_pi3(self):
&gt;       study_move(BendExamples.pi.three, "pi3")

tests/test_bends/test_examples.py:49: 
_ _ _ _ _ _ _ _ _ _ _ _ _ _ _ _ _ _ _ _ _ _ _ _ _ _ _ _ _ _ _ _ _ _ _ _ _ _ _ _ _ _ _ _ _ _ _ _ _ _ _ _ _ _ _ _ _ _ _ _ _ _ _ _ _ _ _ _ _ _ _ _ _ _ _ _ _ _ _ _ _ _ _ _ _ _ _ _ _ _ _ _ _ _ _ _ _ _ _ _ _ _ _
tests/test_bends/test_examples.py:33: in study_move
    res = iterate_clean_domain(
src/polymap/bends/iterate2.py:61: in iterate_clean_domain
    logger.log("START", f"[blue italic]Starting to clean {domain_name}")
.venv/lib/python3.13/site-packages/loguru/_logger.py:2103: in log
    __self._log(__level, False, __self._options, __message, args, kwargs)
_ _ _ _ _ _ _ _ _ _ _ _ _ _ _ _ _ _ _ _ _ _ _ _ _ _ _ _ _ _ _ _ _ _ _ _ _ _ _ _ _ _ _ _ _ _ _ _ _ _ _ _ _ _ _ _ _ _ _ _ _ _ _ _ _ _ _ _ _ _ _ _ _ _ _ _ _ _ _ _ _ _ _ _ _ _ _ _ _ _ _ _ _ _ _ _ _ _ _ _ _ _ _

self = &lt;loguru.logger handlers=[(id=0, level=10, sink=&lt;_io.FileIO name=8 mode='rb+' closefd=True&gt;)]&gt;, level = 'START', from_decorator = False, options = (None, 0, False, False, False, False, ...)
message = '[blue italic]Starting to clean (0, pi3)', args = (), kwargs = {}

    def _log(self, level, from_decorator, options, message, args, kwargs):
        core = self._core
    
        if not core.handlers:
            return
    
        try:
            level_id, level_name, level_no, level_icon = core.levels_lookup[level]
        except (KeyError, TypeError):
            if isinstance(level, str):
&gt;               raise ValueError("Level '%s' does not exist" % level) from None
E               ValueError: Level 'START' does not exist

.venv/lib/python3.13/site-packages/loguru/_logger.py:1941: ValueError</failure></testcase><testcase classname="tests.test_bends.test_examples.TestBendMoves" name="test_kappa1" time="0.000"><failure message="ValueError: Level 'START' does not exist">self = &lt;test_examples.TestBendMoves object at 0x107c21480&gt;

    def test_kappa1(self):
&gt;       study_move(BendExamples.kappa.one, "kappa1")

tests/test_bends/test_examples.py:52: 
_ _ _ _ _ _ _ _ _ _ _ _ _ _ _ _ _ _ _ _ _ _ _ _ _ _ _ _ _ _ _ _ _ _ _ _ _ _ _ _ _ _ _ _ _ _ _ _ _ _ _ _ _ _ _ _ _ _ _ _ _ _ _ _ _ _ _ _ _ _ _ _ _ _ _ _ _ _ _ _ _ _ _ _ _ _ _ _ _ _ _ _ _ _ _ _ _ _ _ _ _ _ _
tests/test_bends/test_examples.py:33: in study_move
    res = iterate_clean_domain(
src/polymap/bends/iterate2.py:61: in iterate_clean_domain
    logger.log("START", f"[blue italic]Starting to clean {domain_name}")
.venv/lib/python3.13/site-packages/loguru/_logger.py:2103: in log
    __self._log(__level, False, __self._options, __message, args, kwargs)
_ _ _ _ _ _ _ _ _ _ _ _ _ _ _ _ _ _ _ _ _ _ _ _ _ _ _ _ _ _ _ _ _ _ _ _ _ _ _ _ _ _ _ _ _ _ _ _ _ _ _ _ _ _ _ _ _ _ _ _ _ _ _ _ _ _ _ _ _ _ _ _ _ _ _ _ _ _ _ _ _ _ _ _ _ _ _ _ _ _ _ _ _ _ _ _ _ _ _ _ _ _ _

self = &lt;loguru.logger handlers=[(id=0, level=10, sink=&lt;_io.FileIO name=8 mode='rb+' closefd=True&gt;)]&gt;, level = 'START', from_decorator = False, options = (None, 0, False, False, False, False, ...)
message = '[blue italic]Starting to clean (0, kappa1)', args = (), kwargs = {}

    def _log(self, level, from_decorator, options, message, args, kwargs):
        core = self._core
    
        if not core.handlers:
            return
    
        try:
            level_id, level_name, level_no, level_icon = core.levels_lookup[level]
        except (KeyError, TypeError):
            if isinstance(level, str):
&gt;               raise ValueError("Level '%s' does not exist" % level) from None
E               ValueError: Level 'START' does not exist

.venv/lib/python3.13/site-packages/loguru/_logger.py:1941: ValueError</failure></testcase><testcase classname="tests.test_bends.test_examples.TestBendMoves" name="test_kappa2in" time="0.000"><failure message="ValueError: Level 'START' does not exist">self = &lt;test_examples.TestBendMoves object at 0x107b3a9f0&gt;

    def test_kappa2in(self):
&gt;       study_move(BendExamples.kappa.two_in, "kappa_two_in")

tests/test_bends/test_examples.py:55: 
_ _ _ _ _ _ _ _ _ _ _ _ _ _ _ _ _ _ _ _ _ _ _ _ _ _ _ _ _ _ _ _ _ _ _ _ _ _ _ _ _ _ _ _ _ _ _ _ _ _ _ _ _ _ _ _ _ _ _ _ _ _ _ _ _ _ _ _ _ _ _ _ _ _ _ _ _ _ _ _ _ _ _ _ _ _ _ _ _ _ _ _ _ _ _ _ _ _ _ _ _ _ _
tests/test_bends/test_examples.py:33: in study_move
    res = iterate_clean_domain(
src/polymap/bends/iterate2.py:61: in iterate_clean_domain
    logger.log("START", f"[blue italic]Starting to clean {domain_name}")
.venv/lib/python3.13/site-packages/loguru/_logger.py:2103: in log
    __self._log(__level, False, __self._options, __message, args, kwargs)
_ _ _ _ _ _ _ _ _ _ _ _ _ _ _ _ _ _ _ _ _ _ _ _ _ _ _ _ _ _ _ _ _ _ _ _ _ _ _ _ _ _ _ _ _ _ _ _ _ _ _ _ _ _ _ _ _ _ _ _ _ _ _ _ _ _ _ _ _ _ _ _ _ _ _ _ _ _ _ _ _ _ _ _ _ _ _ _ _ _ _ _ _ _ _ _ _ _ _ _ _ _ _

self = &lt;loguru.logger handlers=[(id=0, level=10, sink=&lt;_io.FileIO name=8 mode='rb+' closefd=True&gt;)]&gt;, level = 'START', from_decorator = False, options = (None, 0, False, False, False, False, ...)
message = '[blue italic]Starting to clean (0, kappa_two_in)', args = (), kwargs = {}

    def _log(self, level, from_decorator, options, message, args, kwargs):
        core = self._core
    
        if not core.handlers:
            return
    
        try:
            level_id, level_name, level_no, level_icon = core.levels_lookup[level]
        except (KeyError, TypeError):
            if isinstance(level, str):
&gt;               raise ValueError("Level '%s' does not exist" % level) from None
E               ValueError: Level 'START' does not exist

.venv/lib/python3.13/site-packages/loguru/_logger.py:1941: ValueError</failure></testcase><testcase classname="tests.test_bends.test_examples.TestBendMoves" name="test_kappa2out" time="0.000"><failure message="ValueError: Level 'START' does not exist">self = &lt;test_examples.TestBendMoves object at 0x107b078a0&gt;

    def test_kappa2out(self):
&gt;       study_move(BendExamples.kappa.two_out, "kappa_two_out")

tests/test_bends/test_examples.py:58: 
_ _ _ _ _ _ _ _ _ _ _ _ _ _ _ _ _ _ _ _ _ _ _ _ _ _ _ _ _ _ _ _ _ _ _ _ _ _ _ _ _ _ _ _ _ _ _ _ _ _ _ _ _ _ _ _ _ _ _ _ _ _ _ _ _ _ _ _ _ _ _ _ _ _ _ _ _ _ _ _ _ _ _ _ _ _ _ _ _ _ _ _ _ _ _ _ _ _ _ _ _ _ _
tests/test_bends/test_examples.py:33: in study_move
    res = iterate_clean_domain(
src/polymap/bends/iterate2.py:61: in iterate_clean_domain
    logger.log("START", f"[blue italic]Starting to clean {domain_name}")
.venv/lib/python3.13/site-packages/loguru/_logger.py:2103: in log
    __self._log(__level, False, __self._options, __message, args, kwargs)
_ _ _ _ _ _ _ _ _ _ _ _ _ _ _ _ _ _ _ _ _ _ _ _ _ _ _ _ _ _ _ _ _ _ _ _ _ _ _ _ _ _ _ _ _ _ _ _ _ _ _ _ _ _ _ _ _ _ _ _ _ _ _ _ _ _ _ _ _ _ _ _ _ _ _ _ _ _ _ _ _ _ _ _ _ _ _ _ _ _ _ _ _ _ _ _ _ _ _ _ _ _ _

self = &lt;loguru.logger handlers=[(id=0, level=10, sink=&lt;_io.FileIO name=8 mode='rb+' closefd=True&gt;)]&gt;, level = 'START', from_decorator = False, options = (None, 0, False, False, False, False, ...)
message = '[blue italic]Starting to clean (0, kappa_two_out)', args = (), kwargs = {}

    def _log(self, level, from_decorator, options, message, args, kwargs):
        core = self._core
    
        if not core.handlers:
            return
    
        try:
            level_id, level_name, level_no, level_icon = core.levels_lookup[level]
        except (KeyError, TypeError):
            if isinstance(level, str):
&gt;               raise ValueError("Level '%s' does not exist" % level) from None
E               ValueError: Level 'START' does not exist

.venv/lib/python3.13/site-packages/loguru/_logger.py:1941: ValueError</failure></testcase><testcase classname="tests.test_bends.test_examples.TestBendExamples" name="test_bends[domain0-kappas]" time="0.005" /><testcase classname="tests.test_bends.test_examples.TestBendExamples" name="test_bends[domain1-kappa2s]" time="0.006" /><testcase classname="tests.test_bends.test_examples.TestBendExamples" name="test_bends[domain2-kappa2s]" time="0.006" /><testcase classname="tests.test_bends.test_examples.TestBendExamples" name="test_bends[domain3-pis]" time="0.005" /><testcase classname="tests.test_bends.test_examples.TestBendExamples" name="test_bends[domain4-pi2s]" time="0.006" /><testcase classname="tests.test_bends.test_examples.TestBendExamples" name="test_bends[domain5-pi3s]" time="0.006" /><testcase classname="tests.test_bends.test_examples.TestBendExamples" name="test_passing[domain0-kappas]" time="0.004" /><testcase classname="tests.test_bends.test_examples.TestBendExamples" name="test_passing[domain1-kappa2s]" time="0.006" /><testcase classname="tests.test_bends.test_examples.TestBendExamples" name="test_passing[domain2-kappa2s]" time="0.006" /><testcase classname="tests.test_bends.test_examples.TestBendExamples" name="test_passing[domain3-pis]" time="0.005" /><testcase classname="tests.test_bends.test_examples.TestBendExamples" name="test_passing[domain4-pi2s]" time="0.006" /><testcase classname="tests.test_bends.test_examples.TestBendExamples" name="test_passing[domain5-pi3s]" time="0.006" /><testcase classname="tests.test_bends.test_surface_graph" name="test_create_cycle_graph" time="0.001" /><testcase classname="tests.test_bends.test_surface_graph" name="test_find_ordered_nodes" time="0.000" /><testcase classname="tests.test_bends.test_surface_graph.TestSimpleGraph" name="test_find_small_groups" time="0.000" /><testcase classname="tests.test_bends.test_surface_graph.TestSimpleGraph" name="test_find_edges" time="0.001" /><testcase classname="tests.test_bends.test_surface_graph.TestDomainSurfaceGraph" name="test_can_make_graph" time="0.000" /><testcase classname="tests.test_bends.test_surface_graph.TestDomainSurfaceGraph" name="test_can_get_components_one" time="0.002"><failure message="AssertionError: assert Surface(direction=Direction(name='north', aligned_axis='Y', aligned_vector=geom.Vector([0, 1, 0])), coords=PairedCoord....4, y=0.5), last=Coord(x=0.5, y=0.5)), vector=geom.Vector([0.09999999999999998, 0, 0]), domain_name='', direction_ix=1) == Surface(direction=Direction(name='north', aligned_axis='Y', aligned_vector=geom.Vector([0, 1, 0])), coords=PairedCoord(first=Coord(x=0.0, y=1.0), last=Coord(x=0.4, y=1.0)), vector=geom.Vector([0.4, 0, 0]), domain_name='', direction_ix=0)">self = &lt;test_surface_graph.TestDomainSurfaceGraph object at 0x107c351d0&gt;

    def test_can_get_components_one(self):
        components = find_small_node_groups(self.G)
        surfs = handle_components(self.G, components[0])
    
        logger.debug(surfs)
    
        expected_surf = self.domain.get_surface("north")
&gt;       assert surfs[0] == expected_surf
E       AssertionError: assert Surface(direction=Direction(name='north', aligned_axis='Y', aligned_vector=geom.Vector([0, 1, 0])), coords=PairedCoord....4, y=0.5), last=Coord(x=0.5, y=0.5)), vector=geom.Vector([0.09999999999999998, 0, 0]), domain_name='', direction_ix=1) == Surface(direction=Direction(name='north', aligned_axis='Y', aligned_vector=geom.Vector([0, 1, 0])), coords=PairedCoord(first=Coord(x=0.0, y=1.0), last=Coord(x=0.4, y=1.0)), vector=geom.Vector([0.4, 0, 0]), domain_name='', direction_ix=0)

tests/test_bends/test_surface_graph.py:91: AssertionError</failure></testcase><testcase classname="tests.test_bends.test_surface_graph.TestDomainSurfaceGraph" name="test_can_get_components_many" time="0.005"><failure message="AssertionError: assert False&#10; +  where False = set_equality([Surface(direction=Direction(name='north', aligned_axis='Y', aligned_vector=geom.Vector([0, 1, 0])), coords=PairedCoor...first=Coord(x=0.5, y=0.5), last=Coord(x=0.5, y=1.0)), vector=geom.Vector([0, 0.5, 0]), domain_name='', direction_ix=1)], [Surface(direction=Direction(name='north', aligned_axis='Y', aligned_vector=geom.Vector([0, 1, 0])), coords=PairedCoor...first=Coord(x=0.5, y=0.5), last=Coord(x=0.5, y=1.0)), vector=geom.Vector([0, 0.5, 0]), domain_name='', direction_ix=1)])">self = &lt;test_surface_graph.TestDomainSurfaceGraph object at 0x107c223f0&gt;

    def test_can_get_components_many(self):
        G = deepcopy(self.G)
        node_data = G.nodes["-west_1"].get("data")
        assert node_data
        node_data.is_small = True
    
        components = find_small_node_groups(G)
        logger.debug(components)
        surfs = handle_components(G, components[0])
    
        logger.debug(pretty_repr(surfs, expand_all=True))
    
        expected_surfs = [
            self.domain.get_surface("north"),
            self.domain.get_surface("west", 1),
        ]
    
&gt;       assert set_equality(expected_surfs, surfs)
E       AssertionError: assert False
E        +  where False = set_equality([Surface(direction=Direction(name='north', aligned_axis='Y', aligned_vector=geom.Vector([0, 1, 0])), coords=PairedCoor...first=Coord(x=0.5, y=0.5), last=Coord(x=0.5, y=1.0)), vector=geom.Vector([0, 0.5, 0]), domain_name='', direction_ix=1)], [Surface(direction=Direction(name='north', aligned_axis='Y', aligned_vector=geom.Vector([0, 1, 0])), coords=PairedCoor...first=Coord(x=0.5, y=0.5), last=Coord(x=0.5, y=1.0)), vector=geom.Vector([0, 0.5, 0]), domain_name='', direction_ix=1)])

tests/test_bends/test_surface_graph.py:110: AssertionError</failure></testcase><testcase classname="tests.test_bends.test_surface_graph.TestDomainSurfaceGraph" name="test_make_bends" time="0.005" /><testcase classname="tests.test_bends.test_surface_graph.TestPi2Identify" name="test_check_of_pi_two" time="0.000"><failure message="assert None">self = &lt;test_surface_graph.TestPi2Identify object at 0x107c35310&gt;

    def test_check_of_pi_two(self):
        # TODO: changes names of surfaces.. =&gt; Have to fix tests after..
        expected_node = "-east_0"
        res = check_is_pi_two(self.G_updated, expected_node)
&gt;       assert res
E       assert None

tests/test_bends/test_surface_graph.py:131: AssertionError</failure></testcase><testcase classname="tests.test_bends.test_surface_graph.TestPi2Identify" name="test_make_pi_two_group" time="0.001" /><testcase classname="tests.test_geom.test_ortho" name="test_equality" time="0.000" /><testcase classname="tests.test_geom.test_ortho" name="test_inequality" time="0.000" /><testcase classname="tests.test_geom.test_ortho" name="test_create_shapely" time="0.000" /><testcase classname="tests.test_geom.test_ortho" name="test_normalize_coords_are_cw" time="0.000" /><testcase classname="tests.test_geom.test_ortho" name="test_vectors_bottom_up_l" time="0.001" /><testcase classname="tests.test_geom.test_ortho" name="test_orthogonal" time="0.001" /><testcase classname="tests.test_geom.test_ortho" name="test_is_not_orthogonal" time="0.001" /><testcase classname="tests.test_geom.test_range" name="test_coinicidence[other0-True]" time="0.000" /><testcase classname="tests.test_geom.test_range" name="test_coinicidence[other1-True]" time="0.000" /><testcase classname="tests.test_geom.test_range" name="test_coinicidence[other2-False]" time="0.000" /><testcase classname="tests.test_geom.test_range" name="test_coinicidence[other3-False]" time="0.000" /><testcase classname="tests.test_geom.test_range" name="test_coinicidence[other4-False]" time="0.000" /><testcase classname="tests.test_geom.test_range" name="test_contains[other0-True]" time="0.000" /><testcase classname="tests.test_geom.test_range" name="test_contains[other1-True]" time="0.000" /><testcase classname="tests.test_geom.test_range" name="test_contains[other2-False]" time="0.000" /><testcase classname="tests.test_geom.test_range" name="test_contains[other3-False]" time="0.000" /><testcase classname="tests.test_geom.test_range" name="test_contains[other4-False]" time="0.000" /><testcase classname="tests.test_geom.test_range" name="test_contains[other5-False]" time="0.000" /><testcase classname="tests.test_geom.test_surfaces" name="test_index_surfaces" time="0.000" /><testcase classname="tests.test_geom.test_surfaces" name="test_coord_conversion[X-coord0-range0-0]" time="0.000" /><testcase classname="tests.test_geom.test_surfaces" name="test_coord_conversion[Y-coord1-range1-1]" time="0.000" /><testcase classname="tests.test_geom.test_surfaces" name="test_surface_equality" time="0.000" /><testcase classname="tests.test_geom.test_surfaces" name="test_surface_inequality" time="0.000" /><testcase classname="tests.test_geom.test_surfaces" name="test_coords_set" time="0.000" /><testcase classname="tests.test_geom.test_vectors" name="test_magnitude" time="0.000" /><testcase classname="tests.test_geom.test_vectors" name="test_dot_prod" time="0.000" /><testcase classname="tests.test_geom.test_vectors" name="test_cross_products[v10-v20-result0]" time="0.000" /><testcase classname="tests.test_geom.test_vectors" name="test_cross_products[v11-v21-result1]" time="0.000" /><testcase classname="tests.test_geom.test_vectors" name="test_cross_products[v12-v22-result2]" time="0.000" /><testcase classname="tests.test_geom.test_vectors" name="test_cross_products[v13-v23-result3]" time="0.000" /><testcase classname="tests.test_geom.test_vectors" name="test_cross_products[v14-v24-result4]" time="0.000" /><testcase classname="tests.test_geom.test_vectors" name="test_create_vector_from_coords" time="0.000" /><testcase classname="tests.test_geom.test_vectors" name="test_compute_outward_normal_assuming_cw[v0-result0]" time="0.000" /><testcase classname="tests.test_geom.test_vectors" name="test_compute_outward_normal_assuming_cw[v1-result1]" time="0.000" /><testcase classname="tests.test_geom.test_vectors" name="test_compute_outward_normal_assuming_cw[v2-result2]" time="0.000" /><testcase classname="tests.test_geom.test_vectors" name="test_compute_outward_normal_assuming_cw[v3-result3]" time="0.000" /><testcase classname="tests.test_geom.test_vectors" name="test_compute_normal_direction[v0-result0]" time="0.000" /><testcase classname="tests.test_geom.test_vectors" name="test_compute_normal_direction[v1-result1]" time="0.000" /><testcase classname="tests.test_geom.test_vectors" name="test_compute_normal_direction[v2-result2]" time="0.000" /><testcase classname="tests.test_geom.test_vectors" name="test_compute_normal_direction[v3-result3]" time="0.001" /><testcase classname="tests.test_geom.test_vectors" name="test_positive_vector" time="0.000" /><testcase classname="tests.test_io" name="test_read_layout" time="0.002" /><testcase classname="tests.test_io" name="test_dump_layout" time="0.001" /><testcase classname="tests.test_io" name="test_read_after_dump" time="0.002" /><testcase classname="tests.test_layouts.test_graph.TestGraph" name="test_roots" time="0.000" /><testcase classname="tests.test_layouts.test_graph.TestGraph" name="test_components" time="0.001" /><testcase classname="tests.test_layouts.test_layout" name="test_get_surface_in_layout" time="0.002" /><testcase classname="tests.test_layouts.test_layout" name="test_get_surface_by_name" time="0.005" /><testcase classname="tests.test_layouts.test_move_graph.TestSmartGraph" name="test_smart_graph" time="0.025" /><testcase classname="tests.test_layouts.test_nbs" name="test_generate_nb_comparisons" time="0.000" /><testcase classname="tests.test_nonortho.test_align_vector" name="test_align_vectors[v0-basis0-opp_basis0]" time="0.001" /><testcase classname="tests.test_nonortho.test_align_vector" name="test_align_vectors[v1-basis1-opp_basis1]" time="0.001" /><testcase classname="tests.test_nonortho.test_align_vector" name="test_align_vectors[v2-basis2-opp_basis2]" time="0.001" /><testcase classname="tests.test_nonortho.test_align_vector" name="test_align_vectors[v3-basis3-opp_basis3]" time="0.001" /><testcase classname="tests.test_nonortho.test_align_vector" name="test_align_vectors[v4-basis4-opp_basis4]" time="0.001" /><testcase classname="tests.test_nonortho.test_align_vector" name="test_align_vectors[v5-basis5-opp_basis5]" time="0.001" /><testcase classname="tests.test_nonortho.test_align_vector" name="test_align_vectors[v6-basis6-opp_basis6]" time="0.001" /><testcase classname="tests.test_nonortho.test_align_vector" name="test_align_vectors[v7-basis7-opp_basis7]" time="0.001" /><testcase classname="tests.test_updates.test_delete" name="test_delete_on_square" time="0.002" /><testcase classname="tests.test_updates.test_delete" name="test_delete_on_square_with_north_inner" time="0.010" /><testcase classname="tests.test_updates.test_update_domains" name="test_east0_move_bad" time="0.002" /><testcase classname="tests.test_updates.test_update_domains" name="test_outward_move[surface0]" time="0.002" /><testcase classname="tests.test_updates.test_update_domains" name="test_outward_move[surface1]" time="0.002" /><testcase classname="tests.test_updates.test_update_domains" name="test_outward_move[surface2]" time="0.002" /><testcase classname="tests.test_updates.test_update_domains" name="test_outward_move[surface3]" time="0.002" /><testcase classname="tests.test_updates.test_update_domains" name="test_outward_move[surface4]" time="0.002" /><testcase classname="tests.test_updates.test_update_domains" name="test_moves_on_square[drn0-compare_move0]" time="0.003" /><testcase classname="tests.test_updates.test_update_domains" name="test_moves_on_square[drn1-compare_move1]" time="0.003" /><testcase classname="tests.test_updates.test_update_domains" name="test_moves_on_square[drn2-compare_move2]" time="0.003" /><testcase classname="tests.test_updates.test_update_domains" name="test_moves_on_square[drn3-compare_move3]" time="0.003" /><testcase classname="tests.test_updates.test_update_domains" name="test_moves_on_square[drn4-compare_move4]" time="0.003" /><testcase classname="tests.test_updates.test_update_domains" name="test_moves_on_square[drn5-compare_move5]" time="0.003" /><testcase classname="tests.test_updates.test_update_domains" name="test_moves_on_square[drn6-compare_move6]" time="0.003" /><testcase classname="tests.test_updates.test_update_domains" name="test_moves_on_square[drn7-compare_move7]" time="0.003" /><testcase classname="tests.test_updates.test_update_paired_coords.TestUpdatingPairedCoords" name="test_moving_east0_out" time="0.002" /><testcase classname="tests.test_updates.test_update_paired_coords.TestUpdatingPairedCoords" name="test_moving_east1_in" time="0.002" /><testcase classname="tests.test_updates.test_update_paired_coords.TestUpdatingPairedCoords" name="test_moving_north0_out" time="0.002" /><testcase classname="tests.test_updates.test_update_paired_coords.TestUpdatingPairedCoords" name="test_moving_west0_in" time="0.002" /><testcase classname="tests.test_updates.test_update_paired_coords.TestUpdatingPairedCoords" name="test_moving_south0_out" time="0.002" /><testcase classname="tests.test_updates.test_update_paired_coords.TestUpdatingPairedCoords" name="test_non_orthog_vector" time="0.000" /></testsuite></testsuites>